\BOOKMARK [1][-]{section.1}{\376\377\000G\000i\036\333\000i\000\040\000t\000h\000i\036\307\000u\000\040\001\021\036\323\000\040\000\341\000n}{}% 1
\BOOKMARK [2][-]{subsection.1.1}{\376\377\000T\036\325\000n\000g\000\040\000q\000u\000a\000n\000\040\000v\036\301\000\040\001\021\036\323\000\040\000\341\000n}{section.1}% 2
\BOOKMARK [2][-]{subsection.1.2}{\376\377\000\040\001\020\036\267\000t\000\040\000v\036\245\000n\000\040\001\021\036\301}{section.1}% 3
\BOOKMARK [2][-]{subsection.1.3}{\376\377\000\335\000\040\000n\000g\000h\001\051\000a\000\040\000c\036\347\000a\000\040\001\021\036\323\000\040\000\341\000n}{section.1}% 4
\BOOKMARK [2][-]{subsection.1.4}{\376\377\000\040\000K\000h\036\243\000o\000\040\000s\000\341\000t\000\040\000c\000\341\000c\000\040\000c\000\364\000n\000g\000\040\000t\000r\000\354\000n\000h\000\040\000l\000i\000\352\000n\000\040\000q\000u\000a\000n}{section.1}% 5
\BOOKMARK [3][-]{subsubsection.1.4.1}{\376\377\000C\000\341\000c\000\040\000c\000\364\000n\000g\000\040\000t\000r\000\354\000n\000h}{subsection.1.4}% 6
\BOOKMARK [3][-]{subsubsection.1.4.2}{\376\377\000N\000h\036\357\000n\000g\000\040\000t\000h\000i\036\277\000u\000\040\000s\000\363\000t\000\040\000c\036\347\000a\000\040\000n\000h\036\357\000n\000g\000\040\000c\000\364\000n\000g\000\040\000t\000r\000\354\000n\000h\000\040\000h\000i\036\307\000n\000\040\000c\000\363}{subsection.1.4}% 7
\BOOKMARK [1][-]{section.2}{\376\377\000L\000\375\000\040\000t\000h\000u\000y\036\277\000t\000,\000\040\000c\000\341\000c\000\040\000c\000\364\000n\000g\000\040\000c\036\345\000\040\000s\036\355\000\040\000d\036\345\000n\000g\000\040\001\021\036\303\000\040\000g\000i\036\243\000i\000\040\000q\000u\000y\036\277\000t\000\040\000v\036\245\000n\000\040\001\021\036\301}{}% 8
\BOOKMARK [2][-]{subsection.2.1}{\376\377\000L\000\375\000\040\000t\000h\000u\000y\036\277\000t\000\040\000c\001\241\000\040\000s\036\337}{section.2}% 9
\BOOKMARK [2][-]{subsection.2.2}{\376\377\000C\000\341\000c\000\040\000c\000\364\000n\000g\000\040\000c\036\345\000\040\000s\036\355\000\040\000d\036\345\000n\000g}{section.2}% 10
\BOOKMARK [1][-]{section.3}{\376\377\000P\000h\000\342\000n\000\040\000t\000\355\000c\000h\000,\000\040\000t\000h\000i\036\277\000t\000\040\000k\036\277\000,\000\040\000h\000i\036\307\000n\000\040\000t\000h\036\361\000c\000\040\000h\036\307\000\040\000t\000h\036\321\000n\000g}{}% 11
\BOOKMARK [2][-]{subsection.3.1}{\376\377\000P\000h\000\342\000n\000\040\000t\000\355\000c\000h\000\040\000y\000\352\000u\000\040\000c\036\247\000u}{section.3}% 12
\BOOKMARK [3][-]{subsubsection.3.1.1}{\376\377\000F\000u\000n\000c\000t\000i\000o\000n\000a\000l\000\040\000R\000e\000q\000u\000i\000r\000e\000m\000e\000n\000t\000s}{subsection.3.1}% 13
\BOOKMARK [3][-]{subsubsection.3.1.2}{\376\377\000N\000o\000n\000-\000F\000u\000n\000c\000t\000i\000o\000n\000a\000l\000\040\000R\000e\000q\000u\000i\000r\000e\000m\000e\000n\000t\000s}{subsection.3.1}% 14
\BOOKMARK [3][-]{subsubsection.3.1.3}{\376\377\000U\000s\000e\000\040\000C\000a\000s\000e\000\040\000D\000i\000a\000g\000r\000a\000m}{subsection.3.1}% 15
\BOOKMARK [2][-]{subsection.3.2}{\376\377\000T\000h\000i\036\277\000t\000\040\000k\036\277\000\040\000h\036\307\000\040\000t\000h\036\321\000n\000g}{section.3}% 16
\BOOKMARK [3][-]{subsubsection.3.2.1}{\376\377\000K\000i\036\277\000n\000\040\000t\000r\000\372\000c\000\040\000h\036\307\000\040\000t\000h\036\321\000n\000g}{subsection.3.2}% 17
\BOOKMARK [3][-]{subsubsection.3.2.2}{\376\377\000M\000\364\000\040\000h\000\354\000n\000h\000\040\000d\036\357\000\040\000l\000i\036\307\000u}{subsection.3.2}% 18
\BOOKMARK [3][-]{subsubsection.3.2.3}{\376\377\000G\000i\000a\000o\000\040\000d\000i\036\307\000n\000\040\000n\000g\001\260\036\335\000i\000\040\000d\000\371\000n\000g}{subsection.3.2}% 19
\BOOKMARK [3][-]{subsubsection.3.2.4}{\376\377\000Q\000u\000y\000\040\000t\000r\000\354\000n\000h\000\040\000x\036\355\000\040\000l\000\375}{subsection.3.2}% 20
\BOOKMARK [3][-]{subsubsection.3.2.5}{\376\377\000C\001\241\000\040\000s\036\337\000\040\000d\036\357\000\040\000l\000i\036\307\000u}{subsection.3.2}% 21
\BOOKMARK [3][-]{subsubsection.3.2.6}{\376\377\000S\000e\000c\000u\000r\000i\000t\000y\000\040\000C\000o\000n\000s\000t\000r\000a\000i\000n\000t\000s}{subsection.3.2}% 22
\BOOKMARK [3][-]{subsubsection.3.2.7}{\376\377\000R\000\340\000n\000g\000\040\000b\000u\036\331\000c\000\040\000H\000i\036\307\000u\000\040\000n\001\003\000n\000g}{subsection.3.2}% 23
\BOOKMARK [2][-]{subsection.3.3}{\376\377\000H\000i\036\307\000n\000\040\000t\000h\036\361\000c\000\040\000h\036\307\000\040\000t\000h\036\321\000n\000g}{section.3}% 24
\BOOKMARK [1][-]{section.4}{\376\377\000T\000h\036\355\000\040\000n\000g\000h\000i\036\307\000m\000,\000\040\001\021\000\341\000n\000h\000\040\000g\000i\000\341\000\040\000k\036\277\000t\000\040\000q\000u\036\243\000,\000\040\000p\000h\000\342\000n\000\040\000t\000\355\000c\000h}{}% 25
\BOOKMARK [2][-]{subsection.4.1}{\376\377\000T\000h\036\355\000\040\000n\000g\000h\000i\036\307\000m}{section.4}% 26
\BOOKMARK [3][-]{subsubsection.4.1.1}{\376\377\000K\000i\036\303\000m\000\040\000t\000h\036\355\000\040\000h\036\331\000p\000\040\001\021\000e\000n\000\040\000\050\000B\000l\000a\000c\000k\000\040\000B\000o\000x\000\040\000T\000e\000s\000t\000i\000n\000g\000\051}{subsection.4.1}% 27
\BOOKMARK [3][-]{subsubsection.4.1.2}{\376\377\000K\000i\036\303\000m\000\040\000t\000h\036\355\000\040\000h\036\331\000p\000\040\000t\000r\036\257\000n\000g\000\040\000\050\000W\000h\000i\000t\000e\000\040\000B\000o\000x\000\040\000T\000e\000s\000t\000i\000n\000g\000\051}{subsection.4.1}% 28
\BOOKMARK [2][-]{subsection.4.2}{\376\377\001\020\000\341\000n\000h\000\040\000g\000i\000\341\000\040\000k\036\277\000t\000\040\000q\000u\036\243}{section.4}% 29
\BOOKMARK [1][-]{section.5}{\376\377\000K\036\277\000t\000\040\000l\000u\036\255\000n\000\040\000v\000\340\000\040\000H\001\260\036\333\000n\000g\000\040\000p\000h\000\341\000t\000\040\000t\000r\000i\036\303\000n}{}% 30
\BOOKMARK [2][-]{subsection.5.1}{\376\377\001\257\000u\000\040\001\021\000i\036\303\000m\000\040\000c\036\347\000a\000\040\036\351\000n\000g\000\040\000d\036\345\000n\000g}{section.5}% 31
\BOOKMARK [2][-]{subsection.5.2}{\376\377\000M\036\267\000t\000\040\000h\036\241\000n\000\040\000c\000h\036\277}{section.5}% 32
\BOOKMARK [2][-]{subsection.5.3}{\376\377\000H\001\260\036\333\000n\000g\000\040\000p\000h\000\341\000t\000\040\000t\000r\000i\036\303\000n}{section.5}% 33
\BOOKMARK [2][-]{subsection.5.4}{\376\377\000B\000\340\000i\000\040\000h\036\315\000c\000\040\000r\000\372\000t\000\040\000r\000a}{section.5}% 34
\BOOKMARK [1][-]{section.6}{\376\377\000P\000h\000\342\000n\000\040\000c\000h\000i\000a\000\040\000c\000\364\000n\000g\000\040\000v\000i\036\307\000c}{}% 35
